<testsuites id="" name="" tests="1" failures="0" skipped="0" errors="0" time="10.243392000000002">
<testsuite name="db/timescaledb-tests.spec.ts" timestamp="2025-03-22T22:53:41.107Z" hostname="Chrome" tests="1" failures="0" skipped="0" time="0.767" errors="0">
<testcase name="TimescaleDB | DB › Verify Database Creation and Switching" classname="db/timescaledb-tests.spec.ts" time="0.767">
<system-out>
<![CDATA[✅ Updated environment.properties:
Environment=UAT
Release=LATEST
Platform=LOCAL
Language=ENGLISH
Browser=CHROME
Suite=TimescaleDB | DB
[step] Timescale.setupTestDatabases()
[step:pass] Timescale.setupTestDatabases()
[step] Timescale.switchTestDatabase(1)
[step:pass] Timescale.switchTestDatabase(1)
[step] Timescale.switchTestDatabase(2)
[step:pass] Timescale.switchTestDatabase(2)
[step] Timescale.switchTestDatabase(1)
[step:pass] Timescale.switchTestDatabase(1)
]]>
</system-out>
<system-err>
<![CDATA[
Warning: attachment allure/allure-results/db-timescaledb-tests-Times-578dd-base-Creation-and-Switching-Chrome/test-finished-1.png is missing
Warning: attachment allure/allure-results/db-timescaledb-tests-Times-578dd-base-Creation-and-Switching-Chrome/video.webm is missing]]>
</system-err>
</testcase>
</testsuite>
</testsuites>