<testsuites id="" name="" tests="6" failures="1" skipped="0" errors="0" time="2113.60633">
<testsuite name="practise-automation-tests.spec.ts" timestamp="2025-02-16T03:05:54.567Z" hostname="Chrome" tests="6" failures="1" skipped="0" time="8.876" errors="0">
<testcase name="Practice Automation App Tests › Navigate to Form Fields page" classname="practise-automation-tests.spec.ts" time="0.788">
<system-err>
<![CDATA[
Warning: attachment allure/allure-results/practise-automation-tests--53aa9-avigate-to-Form-Fields-page-Chrome/test-finished-1.png is missing
Warning: attachment allure/allure-results/practise-automation-tests--53aa9-avigate-to-Form-Fields-page-Chrome/video.webm is missing]]>
</system-err>
</testcase>
<testcase name="Practice Automation App Tests › Fill and submit form test" classname="practise-automation-tests.spec.ts" time="0.664">
<system-err>
<![CDATA[
Warning: attachment allure/allure-results/practise-automation-tests--90a82-s-Fill-and-submit-form-test-Chrome/test-finished-1.png is missing
Warning: attachment allure/allure-results/practise-automation-tests--90a82-s-Fill-and-submit-form-test-Chrome/video.webm is missing]]>
</system-err>
</testcase>
<testcase name="Practice Automation App Tests › Handle popups test" classname="practise-automation-tests.spec.ts" time="0.894">
<failure message="practise-automation-tests.spec.ts:35:7 Handle popups test" type="FAILURE">
<![CDATA[  [Chrome] › practise-automation-tests.spec.ts:35:7 › Practice Automation App Tests › Handle popups test 

    ReferenceError: actualText is not defined

       at ../pages/practice-automation-pages/popups-page.ts:59

      57 |   const textLocator = getPromptConfirmText();
      58 |   // const actualText = await getText(textLocator);
    > 59 |   await expectElementToBeVisible(actualText);
         |                                  ^
      60 | }
      61 |
      62 | export async function clickTooltipTrigger() {
        at Object.verifyPromptPopupText (/Volumes/chappy/chappy/Coding/Projects/work/personal/QA/Veriflow-playwright/tests/pages/practice-automation-pages/popups-page.ts:59:34)
        at /Volumes/chappy/chappy/Coding/Projects/work/personal/QA/Veriflow-playwright/tests/testcases/practise-automation-tests.spec.ts:49:22

    attachment #14: screenshot (image/png) ─────────────────────────────────────────────────────────
    allure/allure-results/practise-automation-tests--c938d-pp-Tests-Handle-popups-test-Chrome/test-failed-1.png
    ────────────────────────────────────────────────────────────────────────────────────────────────

    attachment #15: video (video/webm) ─────────────────────────────────────────────────────────────
    allure/allure-results/practise-automation-tests--c938d-pp-Tests-Handle-popups-test-Chrome/video.webm
    ────────────────────────────────────────────────────────────────────────────────────────────────

    attachment #16: trace (application/zip) ────────────────────────────────────────────────────────
    allure/allure-results/practise-automation-tests--c938d-pp-Tests-Handle-popups-test-Chrome/trace.zip
    Usage:

        npx playwright show-trace allure/allure-results/practise-automation-tests--c938d-pp-Tests-Handle-popups-test-Chrome/trace.zip

    ────────────────────────────────────────────────────────────────────────────────────────────────
]]>
</failure>
<system-err>
<![CDATA[
Warning: attachment allure/allure-results/practise-automation-tests--c938d-pp-Tests-Handle-popups-test-Chrome/test-failed-1.png is missing
Warning: attachment allure/allure-results/practise-automation-tests--c938d-pp-Tests-Handle-popups-test-Chrome/video.webm is missing
Warning: attachment allure/allure-results/practise-automation-tests--c938d-pp-Tests-Handle-popups-test-Chrome/trace.zip is missing]]>
</system-err>
</testcase>
<testcase name="Practice Automation App Tests › Upload file test" classname="practise-automation-tests.spec.ts" time="1.774">
<system-err>
<![CDATA[
Warning: attachment allure/allure-results/practise-automation-tests--c33e2--App-Tests-Upload-file-test-Chrome/test-finished-1.png is missing
Warning: attachment allure/allure-results/practise-automation-tests--c33e2--App-Tests-Upload-file-test-Chrome/video.webm is missing]]>
</system-err>
</testcase>
<testcase name="Practice Automation App Tests › Download file test" classname="practise-automation-tests.spec.ts" time="3.4">
<system-err>
<![CDATA[
Warning: attachment allure/allure-results/practise-automation-tests--0bdfd-pp-Tests-Download-file-test-Chrome/test-finished-1.png is missing
Warning: attachment allure/allure-results/practise-automation-tests--0bdfd-pp-Tests-Download-file-test-Chrome/video.webm is missing]]>
</system-err>
</testcase>
<testcase name="Practice Automation App Tests › Verify broken links" classname="practise-automation-tests.spec.ts" time="1.356">
<system-err>
<![CDATA[
Warning: attachment allure/allure-results/practise-automation-tests--0ebbd-p-Tests-Verify-broken-links-Chrome/test-finished-1.png is missing
Warning: attachment allure/allure-results/practise-automation-tests--0ebbd-p-Tests-Verify-broken-links-Chrome/video.webm is missing]]>
</system-err>
</testcase>
</testsuite>
</testsuites>