<testsuites id="" name="" tests="6" failures="1" skipped="1" errors="0" time="12.006807">
<testsuite name="practise-automation-tests.spec.ts" timestamp="2025-02-16T03:07:50.176Z" hostname="Chrome" tests="6" failures="1" skipped="1" time="9.86" errors="0">
<testcase name="Practice Automation App Tests › Navigate to Form Fields page" classname="practise-automation-tests.spec.ts" time="1.283">
<system-out>
<![CDATA[
[[ATTACHMENT|allure/allure-results/practise-automation-tests--53aa9-avigate-to-Form-Fields-page-Chrome/test-finished-1.png]]

[[ATTACHMENT|allure/allure-results/practise-automation-tests--53aa9-avigate-to-Form-Fields-page-Chrome/video.webm]]
]]>
</system-out>
</testcase>
<testcase name="Practice Automation App Tests › Fill and submit form test" classname="practise-automation-tests.spec.ts" time="0.887">
<system-out>
<![CDATA[
[[ATTACHMENT|allure/allure-results/practise-automation-tests--90a82-s-Fill-and-submit-form-test-Chrome/test-finished-1.png]]

[[ATTACHMENT|allure/allure-results/practise-automation-tests--90a82-s-Fill-and-submit-form-test-Chrome/video.webm]]
]]>
</system-out>
</testcase>
<testcase name="Practice Automation App Tests › Handle popups test" classname="practise-automation-tests.spec.ts" time="0.669">
<failure message="practise-automation-tests.spec.ts:35:7 Handle popups test" type="FAILURE">
<![CDATA[  [Chrome] › practise-automation-tests.spec.ts:35:7 › Practice Automation App Tests › Handle popups test 

    Error: toBeVisible can be only used with Locator object

       at ../../src/tobias-playwright/utils/assert-utils.ts:64

      62 | export async function expectElementToBeVisible(input: string | Locator, options?: ExpectOptions): Promise<void> {
      63 |   const { locator, assert } = getLocatorAndAssert(input, options);
    > 64 |   await assert(locator, options).toBeVisible(options);
         |                                  ^
      65 | }
      66 |
      67 | /**
        at expectElementToBeVisible (/Volumes/chappy/chappy/Coding/Projects/work/personal/QA/Veriflow-playwright/src/tobias-playwright/utils/assert-utils.ts:64:34)
        at Object.verifyPromptPopupText (/Volumes/chappy/chappy/Coding/Projects/work/personal/QA/Veriflow-playwright/tests/pages/practice-automation-pages/popups-page.ts:58:33)
        at /Volumes/chappy/chappy/Coding/Projects/work/personal/QA/Veriflow-playwright/tests/testcases/practise-automation-tests.spec.ts:49:22

    attachment #14: screenshot (image/png) ─────────────────────────────────────────────────────────
    allure/allure-results/practise-automation-tests--c938d-pp-Tests-Handle-popups-test-Chrome/test-failed-1.png
    ────────────────────────────────────────────────────────────────────────────────────────────────

    attachment #15: video (video/webm) ─────────────────────────────────────────────────────────────
    allure/allure-results/practise-automation-tests--c938d-pp-Tests-Handle-popups-test-Chrome/video.webm
    ────────────────────────────────────────────────────────────────────────────────────────────────

    attachment #16: trace (application/zip) ────────────────────────────────────────────────────────
    allure/allure-results/practise-automation-tests--c938d-pp-Tests-Handle-popups-test-Chrome/trace.zip
    Usage:

        npx playwright show-trace allure/allure-results/practise-automation-tests--c938d-pp-Tests-Handle-popups-test-Chrome/trace.zip

    ────────────────────────────────────────────────────────────────────────────────────────────────
]]>
</failure>
<system-out>
<![CDATA[
[[ATTACHMENT|allure/allure-results/practise-automation-tests--c938d-pp-Tests-Handle-popups-test-Chrome/test-failed-1.png]]

[[ATTACHMENT|allure/allure-results/practise-automation-tests--c938d-pp-Tests-Handle-popups-test-Chrome/video.webm]]

[[ATTACHMENT|allure/allure-results/practise-automation-tests--c938d-pp-Tests-Handle-popups-test-Chrome/trace.zip]]
]]>
</system-out>
</testcase>
<testcase name="Practice Automation App Tests › Upload file test" classname="practise-automation-tests.spec.ts" time="2.332">
<system-out>
<![CDATA[
[[ATTACHMENT|allure/allure-results/practise-automation-tests--c33e2--App-Tests-Upload-file-test-Chrome/test-finished-1.png]]

[[ATTACHMENT|allure/allure-results/practise-automation-tests--c33e2--App-Tests-Upload-file-test-Chrome/video.webm]]
]]>
</system-out>
</testcase>
<testcase name="Practice Automation App Tests › Download file test" classname="practise-automation-tests.spec.ts" time="3.433">
<system-out>
<![CDATA[
[[ATTACHMENT|allure/allure-results/practise-automation-tests--0bdfd-pp-Tests-Download-file-test-Chrome/test-finished-1.png]]

[[ATTACHMENT|allure/allure-results/practise-automation-tests--0bdfd-pp-Tests-Download-file-test-Chrome/video.webm]]
]]>
</system-out>
</testcase>
<testcase name="Practice Automation App Tests › Verify broken links" classname="practise-automation-tests.spec.ts" time="1.256">
<skipped>
</skipped>
</testcase>
</testsuite>
</testsuites>